<?xml version="1.0" encoding="UTF-8"?>
<!-- Generated by org.testng.reporters.JUnitReportReporter -->
<testsuite hostname="WPF3NCEPA" failures="0" tests="3" name="FirstMavenProject.Report" time="0.022" errors="0" timestamp="2022-12-01T16:23:59 IST" skipped="0">
  <testcase classname="FirstMavenProject.Report" name="login" time="0.002"/>
  <system-out/>
  <testcase classname="FirstMavenProject.Report" name="Forgot" time="0.018"/>
  <system-out/>
  <testcase classname="FirstMavenProject.Report" name="reg" time="0.002"/>
  <system-out/>
</testsuite> <!-- FirstMavenProject.Report -->
